mode: atomic
github.com/yourusername/orion/bus/go/cmd/orion-bus/main.go:22.13,53.52 17 0
github.com/yourusername/orion/bus/go/cmd/orion-bus/main.go:53.52,55.3 1 0
github.com/yourusername/orion/bus/go/cmd/orion-bus/main.go:56.2,60.16 3 0
github.com/yourusername/orion/bus/go/cmd/orion-bus/main.go:60.16,62.3 1 0
github.com/yourusername/orion/bus/go/cmd/orion-bus/main.go:63.2,67.73 3 0
github.com/yourusername/orion/bus/go/cmd/orion-bus/main.go:67.73,74.3 2 0
github.com/yourusername/orion/bus/go/cmd/orion-bus/main.go:76.2,82.12 2 0
github.com/yourusername/orion/bus/go/cmd/orion-bus/main.go:82.12,84.84 2 0
github.com/yourusername/orion/bus/go/cmd/orion-bus/main.go:84.84,86.4 1 0
github.com/yourusername/orion/bus/go/cmd/orion-bus/main.go:90.2,91.84 2 0
github.com/yourusername/orion/bus/go/cmd/orion-bus/main.go:91.84,94.57 2 0
github.com/yourusername/orion/bus/go/cmd/orion-bus/main.go:94.57,96.4 1 0
github.com/yourusername/orion/bus/go/cmd/orion-bus/main.go:97.3,97.13 1 0
github.com/yourusername/orion/bus/go/cmd/orion-bus/main.go:98.44,101.45 2 0
github.com/yourusername/orion/bus/go/cmd/orion-bus/main.go:101.45,103.4 1 0
github.com/yourusername/orion/bus/go/cmd/orion-bus/main.go:104.3,104.13 1 0
github.com/yourusername/orion/bus/go/cmd/orion-bus/main.go:105.17,108.3 2 0
github.com/yourusername/orion/bus/go/cmd/orion-bus/main.go:112.2,114.52 2 0
github.com/yourusername/orion/bus/go/internal/validator/validator.go:44.76,53.16 4 10
github.com/yourusername/orion/bus/go/internal/validator/validator.go:53.16,55.3 1 0
github.com/yourusername/orion/bus/go/internal/validator/validator.go:57.2,57.21 1 10
github.com/yourusername/orion/bus/go/internal/validator/validator.go:57.21,59.3 1 1
github.com/yourusername/orion/bus/go/internal/validator/validator.go:62.2,62.29 1 9
github.com/yourusername/orion/bus/go/internal/validator/validator.go:62.29,64.17 2 72
github.com/yourusername/orion/bus/go/internal/validator/validator.go:64.17,66.4 1 0
github.com/yourusername/orion/bus/go/internal/validator/validator.go:69.3,73.53 4 72
github.com/yourusername/orion/bus/go/internal/validator/validator.go:76.2,76.15 1 9
github.com/yourusername/orion/bus/go/internal/validator/validator.go:102.97,105.9 2 8
github.com/yourusername/orion/bus/go/internal/validator/validator.go:105.9,107.3 1 1
github.com/yourusername/orion/bus/go/internal/validator/validator.go:110.2,110.49 1 7
github.com/yourusername/orion/bus/go/internal/validator/validator.go:110.49,112.3 1 4
github.com/yourusername/orion/bus/go/internal/validator/validator.go:114.2,114.12 1 3
github.com/yourusername/orion/bus/go/internal/validator/validator.go:128.81,131.16 2 72
github.com/yourusername/orion/bus/go/internal/validator/validator.go:131.16,133.3 1 0
github.com/yourusername/orion/bus/go/internal/validator/validator.go:136.2,137.57 2 72
github.com/yourusername/orion/bus/go/internal/validator/validator.go:137.57,139.3 1 0
github.com/yourusername/orion/bus/go/internal/validator/validator.go:142.2,143.62 2 72
github.com/yourusername/orion/bus/go/internal/validator/validator.go:143.62,145.3 1 0
github.com/yourusername/orion/bus/go/internal/validator/validator.go:147.2,148.16 2 72
github.com/yourusername/orion/bus/go/internal/validator/validator.go:148.16,150.3 1 0
github.com/yourusername/orion/bus/go/internal/validator/validator.go:152.2,152.20 1 72
github.com/yourusername/orion/bus/go/internal/shutdown/shutdown.go:28.77,29.18 1 6
github.com/yourusername/orion/bus/go/internal/shutdown/shutdown.go:29.18,31.3 1 1
github.com/yourusername/orion/bus/go/internal/shutdown/shutdown.go:32.2,32.19 1 6
github.com/yourusername/orion/bus/go/internal/shutdown/shutdown.go:32.19,34.3 1 2
github.com/yourusername/orion/bus/go/internal/shutdown/shutdown.go:35.2,38.3 1 6
github.com/yourusername/orion/bus/go/internal/shutdown/shutdown.go:66.111,77.43 6 4
github.com/yourusername/orion/bus/go/internal/shutdown/shutdown.go:77.43,79.49 2 7
github.com/yourusername/orion/bus/go/internal/shutdown/shutdown.go:79.49,82.4 2 3
github.com/yourusername/orion/bus/go/internal/shutdown/shutdown.go:86.2,86.50 1 4
github.com/yourusername/orion/bus/go/internal/shutdown/shutdown.go:86.50,89.3 2 1
github.com/yourusername/orion/bus/go/internal/shutdown/shutdown.go:92.2,92.22 1 4
github.com/yourusername/orion/bus/go/internal/shutdown/shutdown.go:92.22,95.3 2 1
github.com/yourusername/orion/bus/go/internal/shutdown/shutdown.go:97.2,98.50 2 3
github.com/yourusername/orion/bus/go/internal/bus/bus.go:41.115,44.16 2 8
github.com/yourusername/orion/bus/go/internal/bus/bus.go:44.16,46.3 1 0
github.com/yourusername/orion/bus/go/internal/bus/bus.go:48.2,54.8 1 8
github.com/yourusername/orion/bus/go/internal/bus/bus.go:60.62,62.2 1 9
github.com/yourusername/orion/bus/go/internal/bus/bus.go:80.118,82.68 1 6
github.com/yourusername/orion/bus/go/internal/bus/bus.go:82.68,85.3 2 1
github.com/yourusername/orion/bus/go/internal/bus/bus.go:88.2,92.16 3 5
github.com/yourusername/orion/bus/go/internal/bus/bus.go:92.16,94.3 1 1
github.com/yourusername/orion/bus/go/internal/bus/bus.go:97.2,107.16 3 4
github.com/yourusername/orion/bus/go/internal/bus/bus.go:107.16,109.3 1 1
github.com/yourusername/orion/bus/go/internal/bus/bus.go:111.2,113.23 2 3
github.com/yourusername/orion/bus/go/internal/bus/bus.go:135.165,141.81 3 4
github.com/yourusername/orion/bus/go/internal/bus/bus.go:141.81,143.3 1 0
github.com/yourusername/orion/bus/go/internal/bus/bus.go:145.2,148.6 2 4
github.com/yourusername/orion/bus/go/internal/bus/bus.go:148.6,159.23 2 6
github.com/yourusername/orion/bus/go/internal/bus/bus.go:159.23,162.4 2 4
github.com/yourusername/orion/bus/go/internal/bus/bus.go:164.3,164.17 1 2
github.com/yourusername/orion/bus/go/internal/bus/bus.go:164.17,166.24 1 0
github.com/yourusername/orion/bus/go/internal/bus/bus.go:166.24,167.13 1 0
github.com/yourusername/orion/bus/go/internal/bus/bus.go:170.4,170.68 1 0
github.com/yourusername/orion/bus/go/internal/bus/bus.go:174.3,174.34 1 2
github.com/yourusername/orion/bus/go/internal/bus/bus.go:174.34,175.44 1 2
github.com/yourusername/orion/bus/go/internal/bus/bus.go:175.44,178.12 2 2
github.com/yourusername/orion/bus/go/internal/bus/bus.go:178.12,180.14 2 0
github.com/yourusername/orion/bus/go/internal/bus/bus.go:184.5,185.74 2 2
github.com/yourusername/orion/bus/go/internal/bus/bus.go:185.74,187.14 2 0
github.com/yourusername/orion/bus/go/internal/bus/bus.go:191.5,191.48 1 2
github.com/yourusername/orion/bus/go/internal/bus/bus.go:191.48,194.14 2 1
github.com/yourusername/orion/bus/go/internal/bus/bus.go:198.5,198.91 1 1
github.com/yourusername/orion/bus/go/internal/bus/bus.go:198.91,200.6 1 0
